/*********************************
* Componentes do Grupo: 
* ELISIO BRENO GARCIA CARDOSO
* JOSE WELLITON NUNES JUNIOR
* MOISES CAVALCANTE FERNANDES
* VICTOR SANTIAGO VALENTE
**********************************/
5 0 2942 776 60 2941
8 0 5852 670 40 5851
1 0 8210 1972 120 8209
4 0 10443 1313 90 10442
9 0 11342 2675 200 11341
7 0 14470 1093 90 14469
2 0 15138 1136 100 15137
14 0 17547 1093 70 17547
16 0 19746 2238 170 19746
18 42 20245 508 20 20204
19 70 20413 200 10 20344
0 0 23620 2753 200 23619
20 79 24422 2207 150 24344
15 0 25067 1153 70 25067
6 0 27384 2955 180 27383
3 0 28229 1471 90 28228
17 7 30703 3091 210 30697
11 0 31363 3754 240 31363
10 0 31611 1414 90 31611
12 0 34279 3104 170 34279
13 0 35037 3725 240 35037
