/*********************************
* Componentes do Grupo: 
* ELISIO BRENO GARCIA CARDOSO
* JOSE WELLITON NUNES JUNIOR
* MOISES CAVALCANTE FERNANDES
* VICTOR SANTIAGO VALENTE
**********************************/
9 0 0 
8 1 0 
9 0 0 
9 0 0 
9 0 0 
9 0 0 
9 0 0 
9 0 0 
9 0 0 
9 0 0 
9 0 0 
9 0 0 
9 0 0 
9 0 0 
9 0 1 
9 0 1 
9 0 1 
9 0 1 
9 0 1 
9 0 1 
8 1 1 
9 0 1 
9 0 1 
8 1 1 
9 0 1 
9 0 1 
9 0 1 
9 0 1 
9 0 1 
9 0 2 
9 0 2 
9 0 2 
9 0 2 
9 0 2 
9 0 2 
9 0 2 
9 0 2 
9 0 2 
9 0 2 
9 0 2 
9 0 2 
9 0 3 
9 0 3 
9 0 3 
9 0 3 
9 0 3 
9 0 3 
9 0 3 
8 1 3 
9 0 3 
9 0 3 
9 0 3 
9 0 4 
9 0 4 
9 0 4 
9 0 4 
9 0 5 
9 0 5 
9 0 5 
9 0 5 
9 0 5 
9 0 5 
9 0 5 
9 0 5 
9 0 5 
9 0 5 
9 0 5 
9 0 5 
9 0 5 
9 0 5 
9 0 5 
9 0 5 
9 0 6 
9 0 6 
9 0 6 
9 0 7 
9 0 7 
8 1 7 
9 0 7 
9 0 7 
9 0 7 
9 0 7 
9 0 7 
9 0 7 
8 1 7 
9 0 7 
9 0 7 
9 0 8 
9 0 8 
9 0 8 
9 0 8 
9 0 8 
8 1 8 
8 1 8 
9 0 8 
9 0 8 
9 0 8 
9 0 8 
9 0 9 
9 0 9 
9 0 9 
9 0 10 
9 0 11 
9 0 11 
9 0 11 
9 0 11 
8 1 11 
9 0 11 
9 0 11 
9 0 11 
9 0 11 
9 0 11 
9 0 11 
9 0 11 
9 0 11 
9 0 11 
9 0 11 
9 0 11 
8 0 12 
8 0 12 
8 0 12 
8 0 12 
7 0 13 
7 0 13 
7 0 13 
6 0 14 
6 0 14 
6 0 14 
6 0 14 
6 0 14 
6 0 14 
6 0 14 
6 0 14 
6 0 14 
6 0 14 
6 0 14 
5 0 15 
5 0 15 
5 0 15 
5 0 15 
5 0 15 
3 1 16 
4 0 16 
4 0 16 
4 0 16 
4 0 16 
4 0 16 
4 0 16 
4 0 16 
4 0 16 
4 0 16 
4 0 16 
4 0 16 
3 0 17 
3 0 17 
3 0 17 
2 0 18 
2 0 18 
0 1 19 
1 0 19 
1 0 19 
1 0 19 
1 0 19 
1 0 19 
1 0 19 
0 1 19 
1 0 19 
1 0 19 
1 0 19 
1 0 19 
1 0 19 
0 1 20 
0 0 20 
0 0 20 
0 0 20 
