/*********************************
* Componentes do Grupo: 
* ELISIO BRENO GARCIA CARDOSO
* JOSE WELLITON NUNES JUNIOR
* MOISES CAVALCANTE FERNANDES
* VICTOR SANTIAGO VALENTE
**********************************/
8 0 4222 670 40 4220
5 0 6521 776 60 6518
7 0 10057 1093 90 10053
2 0 10449 1136 100 10445
4 0 10921 1313 90 10915
3 0 11610 1471 90 11603
1 0 15499 1972 120 15490
10 0 16916 1414 90 16910
14 0 20093 1093 70 20090
0 0 23008 2753 200 22998
15 0 23340 1153 70 23334
18 42 23705 508 20 23662
19 70 24257 200 10 24188
6 0 24536 2955 180 24522
9 0 26235 2675 200 26221
16 0 32201 2238 170 32194
12 0 32561 3104 170 32546
11 0 34453 3754 240 34435
20 79 34825 2207 150 34739
13 0 34924 3725 240 34908
17 7 35157 3091 210 35139
