/*********************************
* Componentes do Grupo: 
* ELISIO BRENO GARCIA CARDOSO
* JOSE WELLITON NUNES JUNIOR
* MOISES CAVALCANTE FERNANDES
* VICTOR SANTIAGO VALENTE
**********************************/
8 0 4889 670 40 4888
5 0 6869 776 60 6868
3 0 10187 1471 90 10186
4 0 10230 1313 90 10229
7 0 10657 1093 90 10656
2 0 11196 1136 100 11195
1 0 12933 1972 120 12932
10 0 17001 1414 90 17001
14 0 20836 1093 70 20836
15 0 21588 1153 70 21588
6 0 22324 2955 180 22323
0 0 23888 2753 200 23887
19 70 23926 200 10 23857
18 42 24736 508 20 24695
9 0 24942 2675 200 24941
12 0 30339 3104 170 30339
16 0 32645 2238 170 32645
11 0 33142 3754 240 33142
13 0 34603 3725 240 34603
20 79 34662 2207 150 34584
17 7 35019 3091 210 35013
